<?xml version="1.0" encoding="UTF-8" ?>
<testsuite errors="0" failures="0" hostname="NTB1" name="cvut.fit.dpo.arithmetic.AddOperatorTest" tests="2" time="0.066" timestamp="2012-10-30T11:20:07">
  <properties>
    <property name="java.vendor" value="Sun Microsystems Inc." />
    <property name="env.SESSION_MANAGER" value="local/NTB1:@/tmp/.ICE-unix/2228,unix/NTB1:/tmp/.ICE-unix/2228" />
    <property name="netbeans.user" value="/home/pavel/.netbeans/7.0" />
    <property name="sun.java.launcher" value="SUN_STANDARD" />
    <property name="sun.management.compiler" value="HotSpot 64-Bit Tiered Compilers" />
    <property name="netbeans.autoupdate.version" value="1.23" />
    <property name="os.name" value="Linux" />
    <property name="sun.boot.class.path" value="/usr/lib/jvm/java-6-openjdk-amd64/jre/lib/resources.jar:/usr/lib/jvm/java-6-openjdk-amd64/jre/lib/rt.jar:/usr/lib/jvm/java-6-openjdk-amd64/jre/lib/sunrsasign.jar:/usr/lib/jvm/java-6-openjdk-amd64/jre/lib/jsse.jar:/usr/lib/jvm/java-6-openjdk-amd64/jre/lib/jce.jar:/usr/lib/jvm/java-6-openjdk-amd64/jre/lib/charsets.jar:/usr/lib/jvm/java-6-openjdk-amd64/jre/lib/netx.jar:/usr/lib/jvm/java-6-openjdk-amd64/jre/lib/plugin.jar:/usr/lib/jvm/java-6-openjdk-amd64/jre/lib/rhino.jar:/usr/lib/jvm/java-6-openjdk-amd64/jre/lib/modules/jdk.boot.jar:/usr/lib/jvm/java-6-openjdk-amd64/jre/classes" />
    <property name="netbeans.importclass" value="org.netbeans.upgrade.AutoUpgrade" />
    <property name="env.PWD" value="/home/pavel" />
    <property name="env.XDG_SESSION_COOKIE" value="df98e67705a625c177b5557f00000002-1351437848.290295-963780788" />
    <property name="sun.desktop" value="gnome" />
    <property name="env.LANG" value="cs_CZ.UTF-8" />
    <property name="java.vm.specification.vendor" value="Sun Microsystems Inc." />
    <property name="ant.home" value="/usr/share/netbeans/7.0.1/java/ant" />
    <property name="java.runtime.version" value="1.6.0_24-b24" />
    <property name="env.DEFAULTS_PATH" value="/usr/share/gconf/cinnamon.default.path" />
    <property name="env.DISPLAY" value=":0" />
    <property name="netbeans.accept_license_class" value="org.netbeans.license.AcceptLicense" />
    <property name="env.GJS_DEBUG_TOPICS" value="JS ERROR;JS LOG" />
    <property name="user.name" value="pavel" />
    <property name="env._" value="/usr/lib/jvm/java-6-openjdk-amd64/bin/java" />
    <property name="sun.java2d.pmoffscreen" value="false" />
    <property name="env.USER" value="pavel" />
    <property name="env.SHELL" value="/bin/bash" />
    <property name="ant.file.type.2011_pr_composite_builder_iterator" value="file" />
    <property name="env.DESKTOP_SESSION" value="cinnamon" />
    <property name="env.XDG_DATA_DIRS" value="/usr/share/cinnamon:/usr/share/gnome:/usr/local/share/:/usr/share/" />
    <property name="env.LC_ADDRESS" value="cs_CZ.UTF-8" />
    <property name="env.GJS_DEBUG_OUTPUT" value="stderr" />
    <property name="nb.show.statistics.ui" value="usageStatisticsEnabled" />
    <property name="env.PATH" value="/usr/lib/lightdm/lightdm:/usr/local/sbin:/usr/local/bin:/usr/sbin:/usr/bin:/sbin:/bin:/usr/games" />
    <property name="env.XDG_CURRENT_DESKTOP" value="GNOME" />
    <property name="user.language" value="cs" />
    <property name="env.LC_MONETARY" value="cs_CZ.UTF-8" />
    <property name="sun.boot.library.path" value="/usr/lib/jvm/java-6-openjdk-amd64/jre/lib/amd64" />
    <property name="ant.project.default-target" value="build" />
    <property name="ant.project.name" value="2011_pr_composite_builder_iterator" />
    <property name="java.version" value="1.6.0_24" />
    <property name="user.timezone" value="" />
    <property name="env.DBUS_SESSION_BUS_ADDRESS" value="unix:abstract=/tmp/dbus-WRyD57ZBQ2,guid=a6f4b9aa6c9c151a3bfab3610000029e" />
    <property name="sun.arch.data.model" value="64" />
    <property name="env.SSH_AGENT_PID" value="2294" />
    <property name="java.endorsed.dirs" value="/usr/lib/jvm/java-6-openjdk-amd64/jre/lib/endorsed" />
    <property name="sun.cpu.isalist" value="" />
    <property name="env.LC_PAPER" value="cs_CZ.UTF-8" />
    <property name="sun.jnu.encoding" value="UTF-8" />
    <property name="file.encoding.pkg" value="sun.io" />
    <property name="env.SHLVL" value="1" />
    <property name="ECLIPSE_HOME" value="../../../../opt/eclipse_mi-dpo" />
    <property name="file.separator" value="/" />
    <property name="java.specification.name" value="Java Platform API Specification" />
    <property name="env.GNOME_DESKTOP_SESSION_ID" value="this-is-deprecated" />
    <property name="java.class.version" value="50.0" />
    <property name="env.GDMSESSION" value="cinnamon" />
    <property name="user.country" value="CZ" />
    <property name="env.GNOME_KEYRING_PID" value="2217" />
    <property name="java.home" value="/usr/lib/jvm/java-6-openjdk-amd64/jre" />
    <property name="netbeans.buildnumber" value="20111205-unknown-revn" />
    <property name="java.vm.info" value="mixed mode" />
    <property name="org.openide.version" value="deprecated" />
    <property name="env.LOGNAME" value="pavel" />
    <property name="ant.file" value="/home/pavel/dpo/mi-dpo-zs-2012/3-compisite-builder-iterator/build.xml" />
    <property name="os.version" value="3.2.0-23-generic" />
    <property name="netbeans.system_http_proxy" value="DIRECT" />
    <property name="netbeans.hash.code" value="unique=NBUBU08d9a7d5d-bb49-4cc5-b61d-2591d3141f5f_e1181ce5-d0b1-440a-b179-4d81d2d34a1f" />
    <property name="netbeans.autoupdate.country" value="CZ" />
    <property name="path.separator" value=":" />
    <property name="java.vm.version" value="20.0-b12" />
    <property name="env.LANGUAGE" value="cs:en" />
    <property name="netbeans.dynamic.classpath" value="/usr/share/netbeans/7.0.1/platform/core/org-openide-filesystems.jar:/usr/share/netbeans/7.0.1/platform/core/core.jar:/usr/share/netbeans/7.0.1/nb/core/org-netbeans-upgrader.jar:/usr/share/netbeans/7.0.1/nb/core/locale/core_nb.jar" />
    <property name="env.XDG_SESSION_PATH" value="/org/freedesktop/DisplayManager/Session0" />
    <property name="junit.output.dir" value="junit" />
    <property name="env.LC_TELEPHONE" value="cs_CZ.UTF-8" />
    <property name="ant.junit.enabletestlistenerevents" value="true" />
    <property name="java.awt.printerjob" value="sun.print.PSPrinterJob" />
    <property name="sun.io.unicode.encoding" value="UnicodeLittle" />
    <property name="netbeans.autoupdate.variant" value="" />
    <property name="env.LIBGL_DRIVERS_PATH" value="/usr/lib/fglrx/dri:/usr/lib32/fglrx/dri" />
    <property name="org.openide.major.version" value="IDE/1" />
    <property name="env.LC_MEASUREMENT" value="cs_CZ.UTF-8" />
    <property name="target" value="1.6" />
    <property name="netbeans.home" value="/usr/share/netbeans/7.0.1/platform" />
    <property name="sun.awt.exception.handler" value="org.netbeans.core.startup.TopLogging$AWTHandler" />
    <property name="user.home" value="/home/pavel" />
    <property name="java.specification.vendor" value="Sun Microsystems Inc." />
    <property name="apple.laf.useScreenMenuBar" value="true" />
    <property name="org.xml.sax.driver" value="com.sun.org.apache.xerces.internal.jaxp.SAXParserImpl$JAXPSAXParser" />
    <property name="java.vendor.url" value="http://java.sun.com/" />
    <property name="java.library.path" value="/usr/lib/jvm/java-6-openjdk-amd64/jre/lib/amd64/server:/usr/lib/jvm/java-6-openjdk-amd64/jre/lib/amd64:/usr/lib/jvm/java-6-openjdk-amd64/jre/../lib/amd64:/usr/java/packages/lib/amd64:/usr/lib/x86_64-linux-gnu/jni:/lib/x86_64-linux-gnu:/usr/lib/x86_64-linux-gnu:/usr/lib/jni:/lib:/usr/lib" />
    <property name="env.GIO_LAUNCHED_DESKTOP_FILE" value="/usr/share/applications/netbeans.desktop" />
    <property name="java.vm.vendor" value="Sun Microsystems Inc." />
    <property name="ant.file.2011_pr_composite_builder_iterator" value="/home/pavel/dpo/mi-dpo-zs-2012/3-compisite-builder-iterator/build.xml" />
    <property name="java.runtime.name" value="OpenJDK Runtime Environment" />
    <property name="ant.version" value="Apache Ant(TM) version 1.8.2 compiled on December 3 2011" />
    <property name="sun.java.command" value="org.apache.tools.ant.taskdefs.optional.junit.JUnitTestRunner cvut.fit.dpo.arithmetic.AddOperatorTest filtertrace=true haltOnError=false haltOnFailure=false formatter=org.apache.tools.ant.taskdefs.optional.junit.OutErrSummaryJUnitResultFormatter showoutput=false outputtoformatters=true logfailedtests=true logtestlistenerevents=true formatter=org.apache.tools.ant.taskdefs.optional.junit.XMLJUnitResultFormatter,/home/pavel/dpo/mi-dpo-zs-2012/3-compisite-builder-iterator/junit/TEST-cvut.fit.dpo.arithmetic.AddOperatorTest.xml crashfile=/home/pavel/dpo/mi-dpo-zs-2012/3-compisite-builder-iterator/junitvmwatcher3052059749346918014.properties propsfile=/home/pavel/dpo/mi-dpo-zs-2012/3-compisite-builder-iterator/junit3263462699009642919.properties" />
    <property name="java.class.path" value="/home/pavel/dpo/mi-dpo-zs-2012/3-compisite-builder-iterator/bin:/home/pavel/dpo/mi-dpo-zs-2012/3-compisite-builder-iterator/lib/junit-4.9.jar:/usr/share/netbeans/7.0.1/java/ant/lib/ant-launcher.jar:/usr/share/netbeans/7.0.1/java/ant/lib/ant.jar:/usr/share/netbeans/7.0.1/java/ant/lib/ant-junit.jar:/usr/share/netbeans/7.0.1/java/ant/lib/ant-junit4.jar" />
    <property name="sun.java2d.noddraw" value="true" />
    <property name="jdk.home" value="/usr/lib/jvm/java-6-openjdk-amd64" />
    <property name="java.vm.specification.name" value="Java Virtual Machine Specification" />
    <property name="org.openide.specification.version" value="6.2" />
    <property name="java.vm.specification.version" value="1.0" />
    <property name="sun.cpu.endian" value="little" />
    <property name="sun.os.patch.level" value="unknown" />
    <property name="env.HOME" value="/home/pavel" />
    <property name="debuglevel" value="source,lines,vars" />
    <property name="env.LD_LIBRARY_PATH" value="/usr/lib/jvm/java-6-openjdk-amd64/jre/lib/amd64/server:/usr/lib/jvm/java-6-openjdk-amd64/jre/lib/amd64:/usr/lib/jvm/java-6-openjdk-amd64/jre/../lib/amd64" />
    <property name="java.io.tmpdir" value="/tmp" />
    <property name="env.XDG_SEAT_PATH" value="/org/freedesktop/DisplayManager/Seat0" />
    <property name="java.vendor.url.bug" value="http://java.sun.com/cgi-bin/bugreport.cgi" />
    <property name="env.SSH_AUTH_SOCK" value="/tmp/keyring-z9w5Rt/ssh" />
    <property name="netbeans.dirs" value="/usr/share/netbeans/7.0.1/nb:/usr/share/netbeans/7.0.1/bin/../ergonomics:/usr/share/netbeans/7.0.1/ide:/usr/share/netbeans/7.0.1/java:/usr/share/netbeans/7.0.1/bin/../xml:/usr/share/netbeans/7.0.1/apisupport:/usr/share/netbeans/7.0.1/bin/../webcommon:/usr/share/netbeans/7.0.1/bin/../websvccommon:/usr/share/netbeans/7.0.1/bin/../enterprise:/usr/share/netbeans/7.0.1/bin/../mobility:/usr/share/netbeans/7.0.1/bin/../profiler:/usr/share/netbeans/7.0.1/bin/../ruby:/usr/share/netbeans/7.0.1/bin/../python:/usr/share/netbeans/7.0.1/bin/../php:/usr/share/netbeans/7.0.1/bin/../visualweb:/usr/share/netbeans/7.0.1/bin/../soa:/usr/share/netbeans/7.0.1/bin/../identity:/usr/share/netbeans/7.0.1/bin/../uml:/usr/share/netbeans/7.0.1/harness:/usr/share/netbeans/7.0.1/bin/../cnd:/usr/share/netbeans/7.0.1/bin/../dlight:/usr/share/netbeans/7.0.1/bin/../groovy:/usr/share/netbeans/7.0.1/bin/../extra:/usr/share/netbeans/7.0.1/bin/../javafx:/usr/share/netbeans/7.0.1/bin/../javacard:" />
    <property name="netbeans.autoupdate.language" value="cs" />
    <property name="jna.platform.library.path" value="/usr/lib/x86_64-linux-gnu:/lib/x86_64-linux-gnu:/lib64:/usr/lib:/lib" />
    <property name="java.awt.graphicsenv" value="sun.awt.X11GraphicsEnvironment" />
    <property name="os.arch" value="amd64" />
    <property name="java.ext.dirs" value="/usr/lib/jvm/java-6-openjdk-amd64/jre/lib/ext:/usr/java/packages/lib/ext" />
    <property name="java.util.logging.config.class" value="org.netbeans.core.startup.TopLogging" />
    <property name="env.XAUTHORITY" value="/home/pavel/.Xauthority" />
    <property name="build.compiler.emacs" value="true" />
    <property name="user.dir" value="/home/pavel" />
    <property name="env.MANDATORY_PATH" value="/usr/share/gconf/cinnamon.mandatory.path" />
    <property name="env.J2D_PIXMAPS" value="shared" />
    <property name="line.separator" value="&#xa;" />
    <property name="apple.awt.graphics.UseQuartz" value="true" />
    <property name="env.LC_NUMERIC" value="cs_CZ.UTF-8" />
    <property name="java.vm.name" value="OpenJDK 64-Bit Server VM" />
    <property name="basedir" value="/home/pavel/dpo/mi-dpo-zs-2012/3-compisite-builder-iterator" />
    <property name="ant.java.version" value="1.6" />
    <property name="env.NB_DESKTOP_STARTUP_ID" value="cinnamon-2332-NTB1-/usr/bin/netbeans-1_TIME13727183" />
    <property name="ant.core.lib" value="/usr/share/netbeans/7.0.1/java/ant/lib/ant.jar" />
    <property name="env.LC_TIME" value="cs_CZ.UTF-8" />
    <property name="source" value="1.6" />
    <property name="file.encoding" value="UTF-8" />
    <property name="env.LC_IDENTIFICATION" value="cs_CZ.UTF-8" />
    <property name="netbeans.system_http_non_proxy_hosts" value="" />
    <property name="env.GPG_AGENT_INFO" value="/tmp/keyring-z9w5Rt/gpg:0:1" />
    <property name="env.GIO_LAUNCHED_DESKTOP_FILE_PID" value="5746" />
    <property name="java.specification.version" value="1.6" />
    <property name="env.GNOME_KEYRING_CONTROL" value="/tmp/keyring-z9w5Rt" />
    <property name="ant.project.invoked-targets" value="src-test" />
    <property name="env.XDG_CONFIG_DIRS" value="/etc/xdg/xdg-cinnamon:/etc/xdg" />
    <property name="env.LC_NAME" value="cs_CZ.UTF-8" />
  </properties>
  <testcase classname="cvut.fit.dpo.arithmetic.AddOperatorTest" name="testGetFirstOperand" time="0.003" />
  <testcase classname="cvut.fit.dpo.arithmetic.AddOperatorTest" name="testGetSecondOperand" time="0.0" />
  <system-out><![CDATA[]]></system-out>
  <system-err><![CDATA[]]></system-err>
</testsuite>
